<?xml version="1.0" encoding="UTF-8" ?>
<testsuite tests="5" failures="0" name="controller.BookingControllerTest" time="1.458" errors="0" skipped="0">
  <properties>
[...]
</properties>
  <testcase classname="controller.BookingControllerTest" name="shouldReturnGetAll" time="1.234"/>
  <testcase classname="controller.BookingControllerTest" name="shouldMakeNewBooking" time="0.103"/>
  <testcase classname="controller.BookingControllerTest" name="shouldCancelBooking" time="0.042"/>
  <testcase classname="controller.BookingControllerTest" name="shouldUpdateBooking" time="0.047"/>
  <testcase classname="controller.BookingControllerTest" name="shouldReturnGetBookingsbyUsername" time="0.032"/>
</testsuite>